number,value,datetime_start,datetime_complete,duration,params_batch_size,params_d_ff,params_d_model,params_decoder_dim1,params_decoder_dim2,params_decoder_dim3,params_dropout,params_learning_rate,params_num_heads,params_num_layers,state
0,0.31477244579496766,2026-01-16 07:05:30.889384,2026-01-16 07:16:49.106543,0 days 00:11:18.217159,128,1024,128,1024,1024,128,0.22811895782703867,0.00020625116699982395,16,10,COMPLETE
1,0.24534264977468379,2026-01-16 07:16:49.108098,2026-01-16 07:27:25.673768,0 days 00:10:36.565670,64,256,128,2048,512,512,0.35866836498580346,1.939507630868278e-05,16,7,COMPLETE
2,0.3017567673435767,2026-01-16 07:27:25.675415,2026-01-16 07:44:36.662805,0 days 00:17:10.987390,64,256,256,1024,256,128,0.24127816161530044,0.0006370425085217582,4,8,COMPLETE
3,0.4154892705978157,2026-01-16 07:44:36.664250,2026-01-16 07:55:06.344418,0 days 00:10:29.680168,64,256,256,512,1024,512,0.17267937201572656,4.1204379775998044e-05,16,5,COMPLETE
4,0.29537610819519133,2026-01-16 07:55:06.346340,2026-01-16 08:09:01.712797,0 days 00:13:55.366457,64,256,128,512,256,512,0.26593599587356065,1.5580870531942518e-05,16,9,COMPLETE
5,0.15030874824846285,2026-01-16 08:09:01.714655,2026-01-16 08:14:15.292954,0 days 00:05:13.578299,64,256,64,512,256,128,0.2658249954323274,1.64433811906258e-05,16,10,PRUNED
6,0.3753348043788991,2026-01-16 08:14:15.294587,2026-01-16 08:25:24.009831,0 days 00:11:08.715244,64,1024,64,2048,256,512,0.3425903693394924,0.0008335098270231655,16,4,COMPLETE
7,0.4482876192130739,2026-01-16 08:25:24.012071,2026-01-16 08:39:24.941342,0 days 00:14:00.929271,32,512,256,512,512,128,0.17916511749473502,0.00010446748481323986,8,6,COMPLETE
8,0.4792004810488938,2026-01-16 08:39:24.943514,2026-01-16 08:57:09.643799,0 days 00:17:44.700285,64,512,256,512,1024,128,0.13718278080892743,7.632939011096805e-05,16,9,COMPLETE
9,0.3723587979034395,2026-01-16 08:57:09.645333,2026-01-16 09:13:04.570085,0 days 00:15:54.924752,32,1024,64,512,512,512,0.3166888755985924,0.000663316041819746,4,5,COMPLETE
10,0.45985142233723786,2026-01-16 09:13:04.571617,2026-01-16 09:25:13.715323,0 days 00:12:09.143706,128,512,256,1024,1024,256,0.10946721458943554,5.9999094900608814e-05,8,8,COMPLETE
11,0.4629355948481959,2026-01-16 09:25:13.717472,2026-01-16 09:39:08.484443,0 days 00:13:54.766971,128,512,256,1024,1024,256,0.10189673309552391,6.208935001818407e-05,8,8,COMPLETE
12,0.42952038839309636,2026-01-16 09:39:08.485890,2026-01-16 09:52:07.649101,0 days 00:12:59.163211,128,512,256,1024,1024,256,0.11222537283428327,0.00016748686566408672,8,8,COMPLETE
13,0.4479493958474483,2026-01-16 09:52:07.650854,2026-01-16 10:06:56.791613,0 days 00:14:49.140759,128,512,256,1024,1024,256,0.14438517548646204,4.005503792775532e-05,8,9,COMPLETE
14,0.3198806385102452,2026-01-16 10:06:56.794206,2026-01-16 10:12:10.520459,0 days 00:05:13.726253,128,512,256,2048,1024,256,0.17395115834030095,0.00022816885764695273,8,7,PRUNED
15,0.33915306592611905,2026-01-16 10:12:10.522064,2026-01-16 10:18:38.719483,0 days 00:06:28.197419,32,512,256,512,1024,128,0.3958921567429172,8.718935027005913e-05,4,9,PRUNED
16,0.3176501419424911,2026-01-16 10:18:38.721289,2026-01-16 10:23:46.779476,0 days 00:05:08.058187,128,512,256,1024,1024,256,0.1399169328967408,2.8677904572269042e-05,8,7,PRUNED
17,0.28615456271679574,2026-01-16 10:23:46.781112,2026-01-16 10:29:26.069824,0 days 00:05:39.288712,64,512,256,512,1024,128,0.20292665379699756,0.000355523458638457,8,10,PRUNED
18,0.47347125092873354,2026-01-16 10:29:26.071653,2026-01-16 10:41:17.020081,0 days 00:11:50.948428,128,512,128,1024,1024,256,0.10081559797807449,0.00010149365760332619,16,8,COMPLETE
19,0.4344745419449709,2026-01-16 10:41:17.021828,2026-01-16 10:56:57.435717,0 days 00:15:40.413889,32,512,128,2048,512,256,0.14208603235342554,0.0001403196364364072,16,9,COMPLETE
20,0.41208771454909565,2026-01-16 10:56:57.437018,2026-01-16 11:04:25.247864,0 days 00:07:27.810846,128,1024,128,512,1024,128,0.2967332593687329,0.00027357216615556194,16,6,PRUNED
21,0.4800411034380634,2026-01-16 11:04:25.249623,2026-01-16 11:21:18.610903,0 days 00:16:53.361280,128,512,128,1024,1024,256,0.10581064833556365,6.919902559941836e-05,16,8,COMPLETE
22,0.22710635586804462,2026-01-16 11:21:18.612332,2026-01-16 11:26:22.384725,0 days 00:05:03.772393,128,512,128,1024,1024,256,0.12916919729533682,1.0005744043931401e-05,16,8,PRUNED
23,0.33216559708865356,2026-01-16 11:26:22.386655,2026-01-16 11:31:26.862757,0 days 00:05:04.476102,128,512,128,1024,1024,256,0.1578160540230592,9.469618898043943e-05,16,9,PRUNED
24,0.2872722041962904,2026-01-16 11:31:26.864608,2026-01-16 11:39:04.096365,0 days 00:07:37.231757,128,512,128,1024,1024,256,0.202383100849742,6.84201021802208e-05,16,8,PRUNED
25,0.4818687346670144,2026-01-16 11:39:04.098210,2026-01-16 11:48:44.125050,0 days 00:09:40.026840,64,512,128,1024,1024,256,0.12378915446684813,0.0001248391813604504,16,6,COMPLETE
26,0.44861315371321286,2026-01-16 11:48:44.126499,2026-01-16 12:04:07.284270,0 days 00:15:23.157771,64,512,128,1024,1024,128,0.12715185918716054,4.0009743773998895e-05,16,6,COMPLETE
27,0.43365794601566265,2026-01-16 12:04:07.285841,2026-01-16 12:14:53.529991,0 days 00:10:46.244150,64,512,64,1024,1024,256,0.1915100880860811,0.00034027773456839943,4,5,COMPLETE
28,0.4526835703677612,2026-01-16 12:14:53.531702,2026-01-16 12:28:46.735731,0 days 00:13:53.204029,64,1024,128,2048,512,256,0.15732939321910658,0.00013918995722309532,16,7,COMPLETE
29,0.32862258856197624,2026-01-16 12:28:46.737058,2026-01-16 12:33:43.738726,0 days 00:04:57.001668,64,512,128,512,256,128,0.22145892346891619,2.7825946715648643e-05,16,6,PRUNED
30,0.4601916817513343,2026-01-16 12:33:43.740559,2026-01-16 12:44:30.856674,0 days 00:10:47.116115,64,1024,128,1024,1024,128,0.12648860748828886,0.00019108470822918602,16,10,COMPLETE
31,0.4676106491809928,2026-01-16 12:44:30.858238,2026-01-16 13:00:19.458838,0 days 00:15:48.600600,128,512,128,1024,1024,256,0.10002882272791178,0.0001090820933990462,16,7,COMPLETE
32,0.4469410968150165,2026-01-16 13:00:19.460541,2026-01-16 13:12:05.265970,0 days 00:11:45.805429,128,512,128,1024,1024,256,0.12048068344938659,6.716742019018404e-05,16,7,COMPLETE
33,0.44196084187261575,2026-01-16 13:12:05.267318,2026-01-16 13:22:21.438631,0 days 00:10:16.171313,64,512,128,1024,1024,256,0.15565741181344267,5.248551342216564e-05,16,9,COMPLETE
34,0.43172708990338404,2026-01-16 13:22:21.440081,2026-01-16 13:29:09.716143,0 days 00:06:48.276062,64,256,128,1024,1024,256,0.11942077673454662,0.0001378333601354884,16,8,COMPLETE
35,0.4682150685596548,2026-01-16 13:29:09.717858,2026-01-16 13:44:20.974251,0 days 00:15:11.256393,32,512,128,1024,1024,512,0.10023505368960033,8.009696895388374e-05,16,9,COMPLETE
36,0.46124951711259365,2026-01-16 13:44:20.975854,2026-01-16 13:56:30.178654,0 days 00:12:09.202800,64,256,128,512,256,256,0.13771253314024123,0.00011853266695667203,4,6,COMPLETE
37,0.31046045198505645,2026-01-16 13:56:30.180196,2026-01-16 14:01:06.428517,0 days 00:04:36.248321,128,512,64,2048,512,512,0.230401522210348,2.9790011477276307e-05,16,4,PRUNED
38,0.35491192328573207,2026-01-16 14:01:06.430269,2026-01-16 14:05:55.382327,0 days 00:04:48.952058,64,256,128,1024,256,128,0.16373652003367486,4.932052657219789e-05,16,5,PRUNED
39,0.3399605375683258,2026-01-16 14:05:55.383722,2026-01-16 14:10:58.266105,0 days 00:05:02.882383,64,512,64,512,1024,256,0.1803005359373001,7.587909962971112e-05,16,10,PRUNED
40,0.2953133697630438,2026-01-16 14:10:58.267880,2026-01-16 14:15:47.052142,0 days 00:04:48.784262,128,1024,128,1024,1024,512,0.14793016260981515,0.0004063291974928399,16,8,PRUNED
41,0.4650087780548907,2026-01-16 14:15:47.053971,2026-01-16 14:31:00.476954,0 days 00:15:13.422983,32,512,128,1024,1024,512,0.10103706297757546,9.781196971865026e-05,16,9,COMPLETE
42,0.44447583500634635,2026-01-16 14:31:00.478270,2026-01-16 14:38:56.435655,0 days 00:07:55.957385,32,512,128,1024,1024,512,0.1139273907084359,8.234338869256379e-05,16,9,COMPLETE
43,0.4461857939792673,2026-01-16 14:38:56.437111,2026-01-16 14:49:39.097742,0 days 00:10:42.660631,32,512,128,1024,1024,512,0.1182490512382591,5.167337080750273e-05,16,8,COMPLETE
44,0.44895736003049924,2026-01-16 14:49:39.099988,2026-01-16 14:59:38.800065,0 days 00:09:59.700077,32,512,128,1024,1024,512,0.12856333325034613,0.0001763600323407104,16,9,COMPLETE
45,0.2799101414582684,2026-01-16 14:59:38.801851,2026-01-16 15:06:03.793755,0 days 00:06:24.991904,32,512,256,512,1024,512,0.10076051160569949,0.00023424247033167233,4,10,PRUNED
46,0.32727114642586186,2026-01-16 15:06:03.795519,2026-01-16 15:15:15.302831,0 days 00:09:11.507312,32,256,128,1024,512,128,0.26523160719573613,0.00012158052909611933,16,8,PRUNED
47,0.3463073469083834,2026-01-16 15:15:15.304172,2026-01-16 15:20:37.072668,0 days 00:05:21.768496,64,512,256,2048,256,256,0.11209415448636872,3.5175228991748396e-05,16,8,PRUNED
48,0.46160048476806126,2026-01-16 15:20:37.074369,2026-01-16 15:31:00.373006,0 days 00:10:23.298637,128,512,64,1024,1024,512,0.13756284656662182,7.42708753087863e-05,16,9,COMPLETE
49,0.373477042371959,2026-01-16 15:31:00.375078,2026-01-16 15:37:04.890889,0 days 00:06:04.515811,32,512,256,512,1024,128,0.16567704026520574,2.121016658087673e-05,4,7,PRUNED
